TN:
SF:src/components/ErrorBoundary.tsx
FN:13,(anonymous_9)
FN:18,(anonymous_10)
FN:25,(anonymous_11)
FN:52,(anonymous_12)
FNF:4
FNH:4
FNDA:34,(anonymous_9)
FNDA:30,(anonymous_10)
FNDA:15,(anonymous_11)
FNDA:78,(anonymous_12)
DA:1,1
DA:12,1
DA:14,34
DA:15,33
DA:19,30
DA:26,15
DA:33,15
DA:34,5
DA:35,5
DA:42,1
DA:47,15
DA:48,1
DA:53,78
DA:55,45
DA:56,6
DA:57,3
DA:59,3
DA:63,39
DA:105,33
LF:19
LH:19
BRDA:33,0,0,5
BRDA:47,1,0,1
BRDA:53,2,0,45
BRDA:55,3,0,6
BRDA:56,4,0,3
BRDA:87,5,0,39
BRDA:87,5,1,39
BRDA:93,6,0,39
BRDA:93,6,1,13
BRF:9
BRH:9
end_of_record
TN:
SF:src/hooks/ErrorReporterProvider.tsx
FN:12,(anonymous_9)
FN:16,(anonymous_10)
FNF:2
FNH:0
FNDA:0,(anonymous_9)
FNDA:0,(anonymous_10)
DA:1,0
DA:2,0
DA:5,0
DA:12,0
DA:16,0
DA:17,0
DA:20,0
LF:7
LH:0
BRF:0
BRH:0
end_of_record
TN:
SF:src/hooks/useErrorReporter.ts
FN:35,(anonymous_0)
FN:45,(anonymous_1)
FN:52,(anonymous_2)
FN:63,(anonymous_3)
FN:75,(anonymous_4)
FN:82,(anonymous_5)
FN:89,(anonymous_6)
FN:96,(anonymous_7)
FN:103,(anonymous_8)
FN:109,(anonymous_9)
FN:113,(anonymous_10)
FN:117,(anonymous_11)
FN:121,(anonymous_12)
FN:125,(anonymous_13)
FNF:14
FNH:0
FNDA:0,(anonymous_0)
FNDA:0,(anonymous_1)
FNDA:0,(anonymous_2)
FNDA:0,(anonymous_3)
FNDA:0,(anonymous_4)
FNDA:0,(anonymous_5)
FNDA:0,(anonymous_6)
FNDA:0,(anonymous_7)
FNDA:0,(anonymous_8)
FNDA:0,(anonymous_9)
FNDA:0,(anonymous_10)
FNDA:0,(anonymous_11)
FNDA:0,(anonymous_12)
FNDA:0,(anonymous_13)
DA:1,0
DA:2,0
DA:35,0
DA:36,0
DA:38,0
DA:39,0
DA:44,0
DA:46,0
DA:51,0
DA:57,0
DA:62,0
DA:69,0
DA:74,0
DA:76,0
DA:81,0
DA:83,0
DA:88,0
DA:90,0
DA:95,0
DA:97,0
DA:102,0
DA:104,0
DA:109,0
DA:110,0
DA:113,0
DA:114,0
DA:117,0
DA:118,0
DA:121,0
DA:122,0
DA:125,0
DA:126,0
DA:129,0
LF:33
LH:0
BRDA:38,0,0,0
BRDA:54,1,0,0
BRF:2
BRH:0
end_of_record
TN:
SF:src/services/BreadcrumbManager.ts
FN:7,(anonymous_0)
FN:11,(anonymous_1)
FN:33,(anonymous_2)
FN:37,(anonymous_3)
FN:42,(anonymous_4)
FN:51,(anonymous_5)
FN:60,(anonymous_6)
FN:75,(anonymous_7)
FN:84,(anonymous_8)
FNF:9
FNH:8
FNDA:36,(anonymous_0)
FNDA:283,(anonymous_1)
FNDA:30,(anonymous_2)
FNDA:2,(anonymous_3)
FNDA:33,(anonymous_4)
FNDA:1,(anonymous_5)
FNDA:237,(anonymous_6)
FNDA:9,(anonymous_7)
FNDA:0,(anonymous_8)
DA:3,2
DA:4,36
DA:5,36
DA:8,36
DA:17,283
DA:25,283
DA:28,283
DA:29,0
DA:34,30
DA:38,2
DA:43,33
DA:52,1
DA:66,237
DA:67,237
DA:76,9
DA:85,0
LF:16
LH:14
BRDA:7,0,0,0
BRDA:13,1,0,1
BRDA:14,2,0,2
BRDA:28,3,0,0
BRDA:66,4,0,32
BRDA:66,4,1,205
BRDA:66,5,0,237
BRDA:66,5,1,225
BRDA:68,6,0,225
BRDA:68,6,1,12
BRDA:79,7,0,1
BRDA:79,7,1,8
BRDA:79,8,0,8
BRDA:79,8,1,0
BRF:14
BRH:11
end_of_record
TN:
SF:src/services/ErrorReporter.ts
FN:22,(anonymous_0)
FN:74,(anonymous_1)
FN:87,(anonymous_2)
FN:91,(anonymous_3)
FN:102,(anonymous_4)
FN:104,(anonymous_5)
FN:112,(anonymous_6)
FN:131,(anonymous_7)
FN:138,(anonymous_8)
FN:143,(anonymous_9)
FN:149,(anonymous_10)
FN:152,(anonymous_11)
FN:176,(anonymous_12)
FN:183,(anonymous_13)
FN:197,(anonymous_14)
FN:203,(anonymous_15)
FN:213,(anonymous_16)
FN:225,(anonymous_17)
FN:287,(anonymous_18)
FN:302,(anonymous_19)
FN:316,(anonymous_20)
FN:335,(anonymous_21)
FN:359,(anonymous_22)
FN:386,(anonymous_23)
FN:438,(anonymous_24)
FN:454,(anonymous_25)
FN:462,(anonymous_26)
FN:471,(anonymous_27)
FN:475,(anonymous_28)
FN:479,(anonymous_29)
FN:483,(anonymous_30)
FN:487,(anonymous_31)
FN:491,(anonymous_32)
FN:495,(anonymous_33)
FN:499,(anonymous_34)
FN:516,(anonymous_35)
FN:539,(anonymous_36)
FN:545,(anonymous_37)
FN:558,(anonymous_38)
FNF:39
FNH:33
FNDA:36,(anonymous_0)
FNDA:36,(anonymous_1)
FNDA:1,(anonymous_2)
FNDA:0,(anonymous_3)
FNDA:32,(anonymous_4)
FNDA:0,(anonymous_5)
FNDA:0,(anonymous_6)
FNDA:32,(anonymous_7)
FNDA:1,(anonymous_8)
FNDA:8,(anonymous_9)
FNDA:32,(anonymous_10)
FNDA:237,(anonymous_11)
FNDA:32,(anonymous_12)
FNDA:0,(anonymous_13)
FNDA:0,(anonymous_14)
FNDA:0,(anonymous_15)
FNDA:30,(anonymous_16)
FNDA:34,(anonymous_17)
FNDA:2,(anonymous_18)
FNDA:29,(anonymous_19)
FNDA:34,(anonymous_20)
FNDA:35,(anonymous_21)
FNDA:219,(anonymous_22)
FNDA:1,(anonymous_23)
FNDA:35,(anonymous_24)
FNDA:35,(anonymous_25)
FNDA:3,(anonymous_26)
FNDA:1,(anonymous_27)
FNDA:1,(anonymous_28)
FNDA:2,(anonymous_29)
FNDA:1,(anonymous_30)
FNDA:1,(anonymous_31)
FNDA:2,(anonymous_32)
FNDA:2,(anonymous_33)
FNDA:34,(anonymous_34)
FNDA:5,(anonymous_35)
FNDA:2,(anonymous_36)
FNDA:4,(anonymous_37)
FNDA:35,(anonymous_38)
DA:2,2
DA:3,2
DA:4,2
DA:5,2
DA:6,2
DA:7,2
DA:8,2
DA:10,2
DA:19,36
DA:20,36
DA:23,36
DA:42,36
DA:43,36
DA:48,36
DA:53,36
DA:57,36
DA:62,36
DA:63,36
DA:71,36
DA:75,36
DA:76,2
DA:80,34
DA:83,32
DA:86,32
DA:87,32
DA:91,32
DA:92,0
DA:95,32
DA:97,32
DA:98,12
DA:104,32
DA:105,0
DA:112,32
DA:113,0
DA:122,32
DA:125,32
DA:128,32
DA:132,32
DA:138,32
DA:139,1
DA:140,1
DA:143,32
DA:144,8
DA:145,8
DA:150,32
DA:152,32
DA:153,237
DA:154,237
DA:156,237
DA:157,237
DA:158,225
DA:163,225
DA:165,12
DA:171,12
DA:178,32
DA:181,32
DA:183,32
DA:184,0
DA:185,0
DA:186,0
DA:191,32
DA:194,32
DA:195,32
DA:197,32
DA:198,0
DA:199,0
DA:200,0
DA:203,32
DA:204,0
DA:205,0
DA:206,0
DA:210,32
DA:214,30
DA:229,34
DA:230,1
DA:233,33
DA:235,33
DA:237,33
DA:238,33
DA:241,33
DA:242,3
DA:243,3
DA:244,1
DA:246,3
DA:249,30
DA:260,30
DA:263,30
DA:264,30
DA:265,1
DA:266,1
DA:267,1
DA:269,1
DA:272,29
DA:273,20
DA:276,29
DA:277,29
DA:278,29
DA:280,0
DA:281,0
DA:282,0
DA:292,2
DA:293,2
DA:295,2
DA:305,29
DA:306,1
DA:307,1
DA:308,1
DA:310,1
DA:315,28
DA:316,34
DA:319,27
DA:320,27
DA:324,1
DA:325,1
DA:326,1
DA:327,1
DA:330,0
DA:337,35
DA:339,35
DA:341,35
DA:360,219
DA:371,35
DA:372,35
DA:373,35
DA:377,35
DA:378,35
DA:379,0
DA:380,0
DA:385,35
DA:386,35
DA:388,35
DA:390,35
DA:401,32
DA:403,32
DA:405,4
DA:406,0
DA:407,0
DA:409,4
DA:410,0
DA:411,0
DA:414,4
DA:415,4
DA:416,4
DA:419,28
DA:421,7
DA:423,7
DA:424,0
DA:425,0
DA:426,0
DA:429,7
DA:430,7
DA:433,7
DA:434,7
DA:439,35
DA:441,35
DA:442,35
DA:443,35
DA:446,0
DA:447,0
DA:448,0
DA:451,0
DA:455,35
DA:457,35
DA:458,35
DA:468,3
DA:472,1
DA:476,1
DA:480,2
DA:484,1
DA:488,1
DA:492,2
DA:496,2
DA:500,34
DA:501,30
DA:502,30
DA:505,34
DA:506,34
DA:510,34
DA:511,12
DA:525,5
DA:526,5
DA:528,5
DA:540,2
DA:541,2
DA:546,4
DA:549,4
DA:550,1
DA:553,3
DA:554,1
DA:560,35
DA:561,35
DA:562,2
DA:563,2
DA:564,2
DA:566,2
DA:570,33
DA:571,33
DA:572,1
DA:573,1
DA:574,1
DA:576,1
LF:201
LH:172
BRDA:75,0,0,2
BRDA:86,1,0,32
BRDA:97,2,0,12
BRDA:113,3,0,0
BRDA:113,3,1,0
BRDA:154,4,0,237
BRDA:154,4,1,0
BRDA:160,5,0,225
BRDA:160,5,1,0
BRDA:167,6,0,12
BRDA:167,6,1,0
BRDA:184,7,0,0
BRDA:229,8,0,1
BRDA:229,9,0,34
BRDA:229,9,1,33
BRDA:241,10,0,3
BRDA:241,11,0,33
BRDA:241,11,1,31
BRDA:243,12,0,1
BRDA:264,13,0,1
BRDA:266,14,0,1
BRDA:272,15,0,20
BRDA:281,16,0,0
BRDA:289,17,0,1
BRDA:305,18,0,1
BRDA:305,19,0,29
BRDA:305,19,1,29
BRDA:307,20,0,1
BRDA:319,21,0,27
BRDA:324,22,0,1
BRDA:324,22,1,0
BRDA:326,23,0,1
BRDA:343,24,0,35
BRDA:343,24,1,0
BRDA:344,25,0,35
BRDA:344,25,1,0
BRDA:345,26,0,35
BRDA:345,26,1,0
BRDA:347,27,0,35
BRDA:347,27,1,0
BRDA:378,28,0,0
BRDA:386,29,0,35
BRDA:386,29,1,9
BRDA:395,30,0,35
BRDA:395,30,1,0
BRDA:403,31,0,4
BRDA:405,32,0,0
BRDA:409,33,0,0
BRDA:423,34,0,0
BRDA:423,35,0,7
BRDA:423,35,1,7
BRDA:439,36,0,0
BRDA:442,37,0,35
BRDA:443,38,0,35
BRDA:443,38,1,0
BRDA:447,39,0,0
BRDA:455,40,0,0
BRDA:458,41,0,35
BRDA:458,41,1,0
BRDA:500,42,0,30
BRDA:505,43,0,34
BRDA:510,44,0,12
BRDA:525,45,0,5
BRDA:525,45,1,0
BRDA:540,46,0,2
BRDA:549,47,0,1
BRDA:549,48,0,4
BRDA:549,48,1,3
BRDA:553,49,0,1
BRDA:561,50,0,2
BRDA:563,51,0,2
BRDA:571,52,0,1
BRDA:573,53,0,1
BRF:73
BRH:50
end_of_record
TN:
SF:src/services/OfflineManager.ts
FN:15,(anonymous_0)
FN:23,(anonymous_1)
FN:24,(anonymous_2)
FN:29,(anonymous_3)
FN:34,(anonymous_4)
FN:46,(anonymous_5)
FN:54,(anonymous_6)
FN:56,(anonymous_7)
FN:59,(anonymous_8)
FN:76,(anonymous_9)
FN:101,(anonymous_10)
FN:107,(anonymous_11)
FN:111,(anonymous_12)
FN:115,(anonymous_13)
FN:119,(anonymous_14)
FN:124,(anonymous_15)
FNF:16
FNH:12
FNDA:36,(anonymous_0)
FNDA:36,(anonymous_1)
FNDA:4,(anonymous_2)
FNDA:0,(anonymous_3)
FNDA:36,(anonymous_4)
FNDA:37,(anonymous_5)
FNDA:2,(anonymous_6)
FNDA:0,(anonymous_7)
FNDA:2,(anonymous_8)
FNDA:33,(anonymous_9)
FNDA:0,(anonymous_10)
FNDA:32,(anonymous_11)
FNDA:34,(anonymous_12)
FNDA:5,(anonymous_13)
FNDA:34,(anonymous_14)
FNDA:0,(anonymous_15)
DA:9,2
DA:10,36
DA:11,36
DA:12,36
DA:13,36
DA:16,36
DA:17,36
DA:19,36
DA:20,36
DA:24,36
DA:25,4
DA:26,4
DA:29,36
DA:30,0
DA:35,36
DA:36,36
DA:37,36
DA:38,0
DA:39,0
DA:42,0
DA:47,37
DA:48,37
DA:50,0
DA:55,2
DA:56,2
DA:60,2
DA:63,2
DA:64,0
DA:67,2
DA:73,2
DA:77,33
DA:78,32
DA:81,1
DA:82,1
DA:84,1
DA:85,1
DA:86,1
DA:89,0
DA:92,0
DA:93,0
DA:98,1
DA:103,0
DA:108,32
DA:112,34
DA:116,5
DA:120,34
DA:121,34
DA:125,0
LF:48
LH:37
BRDA:16,0,0,36
BRDA:16,0,1,0
BRDA:17,1,0,36
BRDA:17,1,1,0
BRDA:37,2,0,0
BRDA:63,3,0,0
BRDA:77,4,0,32
BRDA:77,5,0,33
BRDA:77,5,1,33
BRDA:92,6,0,0
BRF:10
BRH:5
end_of_record
TN:
SF:src/services/QuotaManager.ts
FN:24,(anonymous_0)
FN:38,(anonymous_1)
FN:86,(anonymous_2)
FN:100,(anonymous_3)
FN:142,(anonymous_4)
FN:146,(anonymous_5)
FN:160,(anonymous_6)
FN:174,(anonymous_7)
FN:196,(anonymous_8)
FN:201,(anonymous_9)
FN:206,(anonymous_10)
FN:210,(anonymous_11)
FN:216,(anonymous_12)
FN:223,(anonymous_13)
FN:229,(anonymous_14)
FN:235,(anonymous_15)
FN:267,(anonymous_16)
FNF:17
FNH:17
FNDA:59,(anonymous_0)
FNDA:37,(anonymous_1)
FNDA:164,(anonymous_2)
FNDA:15,(anonymous_3)
FNDA:1,(anonymous_4)
FNDA:1,(anonymous_5)
FNDA:1,(anonymous_6)
FNDA:275,(anonymous_7)
FNDA:275,(anonymous_8)
FNDA:275,(anonymous_9)
FNDA:275,(anonymous_10)
FNDA:291,(anonymous_11)
FNDA:275,(anonymous_12)
FNDA:16,(anonymous_13)
FNDA:16,(anonymous_14)
FNDA:59,(anonymous_15)
FNDA:165,(anonymous_16)
DA:19,3
DA:22,59
DA:25,59
DA:34,59
DA:35,59
DA:43,37
DA:46,37
DA:47,2
DA:54,35
DA:55,1
DA:56,1
DA:64,34
DA:65,1
DA:66,1
DA:74,33
DA:75,2
DA:76,2
DA:83,31
DA:87,164
DA:89,164
DA:90,164
DA:91,164
DA:93,164
DA:94,34
DA:97,164
DA:109,15
DA:111,15
DA:143,1
DA:147,1
DA:148,1
DA:157,1
DA:165,1
DA:167,1
DA:175,275
DA:178,275
DA:179,0
DA:180,0
DA:184,275
DA:185,0
DA:186,0
DA:190,275
DA:191,1
DA:192,1
DA:197,275
DA:198,275
DA:202,275
DA:203,275
DA:207,275
DA:211,291
DA:212,291
DA:213,291
DA:217,275
DA:218,275
DA:219,275
DA:220,275
DA:224,16
DA:225,16
DA:226,16
DA:230,16
DA:231,16
DA:232,16
DA:236,59
DA:237,59
DA:238,58
DA:239,2
DA:240,1
DA:251,2
DA:255,58
DA:256,58
DA:268,165
DA:269,165
DA:271,0
LF:72
LH:67
BRDA:24,0,0,4
BRDA:46,1,0,2
BRDA:46,2,0,37
BRDA:46,2,1,32
BRDA:46,2,2,32
BRDA:54,3,0,1
BRDA:54,4,0,35
BRDA:54,4,1,35
BRDA:64,5,0,1
BRDA:64,6,0,34
BRDA:64,6,1,34
BRDA:74,7,0,2
BRDA:74,8,0,33
BRDA:74,8,1,33
BRDA:93,9,0,34
BRDA:114,10,0,15
BRDA:114,10,1,0
BRDA:115,11,0,15
BRDA:115,11,1,0
BRDA:121,12,0,15
BRDA:121,12,1,0
BRDA:122,13,0,15
BRDA:122,13,1,0
BRDA:128,14,0,15
BRDA:128,14,1,0
BRDA:129,15,0,15
BRDA:129,15,1,0
BRDA:160,16,0,0
BRDA:178,17,0,0
BRDA:184,18,0,0
BRDA:190,19,0,1
BRDA:238,20,0,2
BRDA:241,21,0,1
BRDA:241,21,1,0
BRDA:242,22,0,1
BRDA:242,22,1,0
BRDA:243,23,0,1
BRDA:243,23,1,0
BRDA:244,24,0,1
BRDA:244,24,1,0
BRDA:245,25,0,1
BRDA:245,25,1,0
BRDA:246,26,0,1
BRDA:246,26,1,0
BRDA:247,27,0,1
BRDA:247,27,1,0
BRF:46
BRH:30
end_of_record
TN:
SF:src/services/RateLimiter.ts
FN:17,(anonymous_0)
FN:26,(anonymous_1)
FN:50,(anonymous_2)
FN:62,(anonymous_3)
FN:86,(anonymous_4)
FN:94,(anonymous_5)
FN:100,(anonymous_6)
FNF:7
FNH:7
FNDA:53,(anonymous_0)
FNDA:55,(anonymous_1)
FNDA:39,(anonymous_2)
FNDA:41,(anonymous_3)
FNDA:8,(anonymous_4)
FNDA:6,(anonymous_5)
FNDA:1,(anonymous_6)
DA:12,3
DA:14,53
DA:15,53
DA:18,53
DA:27,55
DA:28,55
DA:30,55
DA:32,28
DA:33,1
DA:35,27
DA:39,27
DA:42,27
DA:43,5
DA:46,22
DA:47,22
DA:51,39
DA:52,39
DA:54,39
DA:55,36
DA:56,36
DA:59,3
DA:64,41
DA:74,41
DA:75,41
DA:76,41
DA:77,2099218
DA:78,2099218
DA:79,2099218
DA:83,41
DA:87,8
DA:88,8
DA:89,4
DA:91,4
DA:95,6
DA:96,6
DA:101,1
DA:104,1
DA:105,1
DA:106,0
DA:111,1
DA:112,0
DA:113,0
LF:42
LH:39
BRDA:17,0,0,0
BRDA:26,1,0,51
BRDA:30,2,0,28
BRDA:30,3,0,55
BRDA:30,3,1,28
BRDA:32,4,0,1
BRDA:42,5,0,5
BRDA:54,6,0,36
BRDA:54,7,0,39
BRDA:54,7,1,4
BRDA:66,8,0,41
BRDA:66,8,1,1
BRDA:67,9,0,41
BRDA:67,9,1,37
BRDA:70,10,0,41
BRDA:70,10,1,33
BRDA:86,11,0,8
BRDA:88,12,0,4
BRDA:88,13,0,8
BRDA:88,13,1,4
BRDA:94,14,0,6
BRDA:96,15,0,6
BRDA:96,15,1,4
BRDA:105,16,0,0
BRDA:112,17,0,0
BRF:25
BRH:22
end_of_record
TN:
SF:src/services/RetryManager.ts
FN:12,(anonymous_0)
FN:22,(anonymous_1)
FN:50,(anonymous_2)
FN:51,(anonymous_3)
FN:63,(anonymous_4)
FN:67,(anonymous_5)
FN:71,(anonymous_6)
FNF:7
FNH:7
FNDA:52,(anonymous_0)
FNDA:69,(anonymous_1)
FNDA:26,(anonymous_2)
FNDA:26,(anonymous_3)
FNDA:6,(anonymous_4)
FNDA:4,(anonymous_5)
FNDA:1,(anonymous_6)
DA:8,3
DA:10,52
DA:13,52
DA:26,69
DA:28,69
DA:29,69
DA:31,37
DA:32,37
DA:34,32
DA:35,6
DA:36,6
DA:40,26
DA:46,26
DA:48,26
DA:50,26
DA:51,26
DA:52,26
DA:53,26
DA:54,11
DA:56,15
DA:64,6
DA:68,4
DA:72,1
LF:23
LH:23
BRDA:12,0,0,0
BRDA:24,1,0,38
BRDA:26,2,0,69
BRDA:26,2,1,43
BRDA:34,3,0,6
BRDA:68,4,0,4
BRDA:68,4,1,3
BRF:7
BRH:6
end_of_record
TN:
SF:src/services/SDKMonitor.ts
FN:28,(anonymous_0)
FN:43,(anonymous_1)
FN:51,(anonymous_2)
FN:61,(anonymous_3)
FN:65,(anonymous_4)
FN:80,(anonymous_5)
FN:95,(anonymous_6)
FN:100,(anonymous_7)
FN:109,(anonymous_8)
FN:114,(anonymous_9)
FN:164,(anonymous_10)
FN:173,(anonymous_11)
FN:178,(anonymous_12)
FN:183,(anonymous_13)
FN:188,(anonymous_14)
FN:190,(anonymous_15)
FN:200,(anonymous_16)
FN:211,(anonymous_17)
FN:227,(anonymous_18)
FN:231,(anonymous_19)
FN:243,(anonymous_20)
FN:257,(anonymous_21)
FNF:22
FNH:20
FNDA:36,(anonymous_0)
FNDA:29,(anonymous_1)
FNDA:4,(anonymous_2)
FNDA:35,(anonymous_3)
FNDA:28,(anonymous_4)
FNDA:18,(anonymous_5)
FNDA:0,(anonymous_6)
FNDA:5,(anonymous_7)
FNDA:17,(anonymous_8)
FNDA:17,(anonymous_9)
FNDA:3,(anonymous_10)
FNDA:12,(anonymous_11)
FNDA:37,(anonymous_12)
FNDA:37,(anonymous_13)
FNDA:37,(anonymous_14)
FNDA:21,(anonymous_15)
FNDA:12,(anonymous_16)
FNDA:0,(anonymous_17)
FNDA:96,(anonymous_18)
FNDA:46,(anonymous_19)
FNDA:46,(anonymous_20)
FNDA:22,(anonymous_21)
DA:22,2
DA:24,36
DA:26,36
DA:29,36
DA:30,36
DA:44,29
DA:45,29
DA:46,29
DA:48,29
DA:52,4
DA:53,4
DA:56,4
DA:57,0
DA:62,35
DA:66,28
DA:68,28
DA:69,28
DA:71,28
DA:72,28
DA:75,28
DA:76,28
DA:77,28
DA:81,18
DA:83,18
DA:84,18
DA:86,18
DA:87,18
DA:88,18
DA:90,18
DA:91,1
DA:96,0
DA:97,0
DA:101,5
DA:104,5
DA:105,0
DA:110,17
DA:111,17
DA:119,17
DA:120,17
DA:123,17
DA:124,17
DA:126,17
DA:127,2
DA:128,2
DA:129,15
DA:130,0
DA:131,0
DA:135,17
DA:136,0
DA:137,0
DA:138,17
DA:139,0
DA:140,0
DA:144,17
DA:145,0
DA:146,0
DA:147,17
DA:148,0
DA:149,0
DA:153,17
DA:157,17
DA:158,1
DA:159,1
DA:163,17
DA:164,17
DA:165,3
DA:166,14
DA:167,0
DA:170,17
DA:178,37
DA:183,37
DA:184,12
DA:188,37
DA:189,12
DA:190,21
DA:193,12
DA:201,12
DA:208,12
DA:212,0
DA:213,0
DA:224,0
DA:228,96
DA:232,46
DA:234,46
DA:235,17
DA:238,29
DA:244,46
DA:252,46
DA:253,0
DA:259,22
LF:90
LH:71
BRDA:45,0,0,29
BRDA:56,1,0,0
BRDA:71,2,0,28
BRDA:90,3,0,1
BRDA:104,4,0,0
BRDA:104,5,0,5
BRDA:104,5,1,0
BRDA:124,6,0,11
BRDA:124,6,1,6
BRDA:126,7,0,2
BRDA:126,7,1,15
BRDA:129,8,0,0
BRDA:135,9,0,0
BRDA:135,9,1,17
BRDA:138,10,0,0
BRDA:144,11,0,0
BRDA:144,11,1,17
BRDA:147,12,0,0
BRDA:153,13,0,12
BRDA:153,13,1,5
BRDA:157,14,0,1
BRDA:164,15,0,3
BRDA:164,15,1,14
BRDA:164,16,0,3
BRDA:164,16,1,3
BRDA:166,17,0,0
BRDA:184,18,0,10
BRDA:184,18,1,2
BRDA:189,19,0,9
BRDA:189,19,1,3
BRDA:190,20,0,21
BRDA:190,20,1,0
BRDA:234,21,0,17
BRDA:234,21,1,29
BRDA:252,22,0,0
BRF:35
BRH:24
end_of_record
TN:
SF:src/services/SecurityValidator.ts
FN:11,(anonymous_0)
FN:21,(anonymous_1)
FN:35,(anonymous_2)
FN:69,(anonymous_3)
FN:112,(anonymous_4)
FN:130,(anonymous_5)
FN:143,(anonymous_6)
FN:161,(anonymous_7)
FN:172,(anonymous_8)
FN:181,(anonymous_9)
FN:197,(anonymous_10)
FN:210,(anonymous_11)
FN:216,(anonymous_12)
FN:226,(anonymous_13)
FN:229,(anonymous_14)
FN:238,(anonymous_15)
FN:243,(anonymous_16)
FNF:17
FNH:16
FNDA:61,(anonymous_0)
FNDA:43,(anonymous_1)
FNDA:5,(anonymous_2)
FNDA:45,(anonymous_3)
FNDA:258,(anonymous_4)
FNDA:37,(anonymous_5)
FNDA:41,(anonymous_6)
FNDA:1386,(anonymous_7)
FNDA:84,(anonymous_8)
FNDA:13900,(anonymous_9)
FNDA:38,(anonymous_10)
FNDA:0,(anonymous_11)
FNDA:33,(anonymous_12)
FNDA:198,(anonymous_13)
FNDA:787,(anonymous_14)
FNDA:38,(anonymous_15)
FNDA:1,(anonymous_16)
DA:8,3
DA:12,61
DA:22,43
DA:23,43
DA:26,40
DA:27,1
DA:34,39
DA:35,3
DA:37,5
DA:38,2
DA:39,2
DA:41,3
DA:44,3
DA:45,1
DA:53,38
DA:54,0
DA:60,38
DA:62,3
DA:70,45
DA:71,1
DA:75,44
DA:76,1
DA:83,43
DA:84,3
DA:91,40
DA:101,40
DA:104,40
DA:105,0
DA:112,258
DA:113,7
DA:120,33
DA:121,0
DA:127,33
DA:131,37
DA:133,37
DA:134,1
DA:140,36
DA:144,41
DA:147,41
DA:161,41
DA:162,1386
DA:164,1384
DA:166,1278
DA:168,787
DA:171,491
DA:172,84
DA:175,456
DA:176,256
DA:178,256
DA:179,1270
DA:181,13900
DA:182,9
DA:184,1261
DA:188,256
DA:191,200
DA:194,41
DA:199,38
DA:209,38
DA:210,0
DA:213,38
DA:217,33
DA:226,198
DA:231,787
DA:239,38
DA:244,1
LF:65
LH:61
BRDA:11,0,0,21
BRDA:26,1,0,1
BRDA:26,2,0,40
BRDA:26,2,1,5
BRDA:34,3,0,3
BRDA:34,4,0,39
BRDA:34,4,1,39
BRDA:37,5,0,2
BRDA:44,6,0,1
BRDA:53,7,0,0
BRDA:70,8,0,1
BRDA:75,9,0,1
BRDA:75,10,0,44
BRDA:75,10,1,43
BRDA:83,11,0,3
BRDA:104,12,0,0
BRDA:112,13,0,7
BRDA:120,14,0,0
BRDA:133,15,0,1
BRDA:161,16,0,41
BRDA:162,17,0,2
BRDA:164,18,0,106
BRDA:164,19,0,1384
BRDA:164,19,1,1384
BRDA:166,20,0,787
BRDA:171,21,0,35
BRDA:175,22,0,256
BRDA:181,23,0,9
BRDA:181,23,1,1261
BRDA:209,24,0,0
BRDA:239,25,0,38
BRDA:239,25,1,38
BRF:32
BRH:28
end_of_record
TN:
SF:src/utils/index.ts
FN:4,(anonymous_0)
FN:9,(anonymous_1)
FN:36,(anonymous_2)
FN:63,(anonymous_3)
FN:100,(anonymous_4)
FN:122,(anonymous_5)
FN:128,(anonymous_6)
FN:136,(anonymous_7)
FN:142,(anonymous_8)
FN:146,(anonymous_9)
FN:153,(anonymous_10)
FN:160,(anonymous_11)
FN:168,(anonymous_12)
FN:169,(anonymous_13)
FN:170,(anonymous_14)
FN:171,(anonymous_15)
FN:172,(anonymous_16)
FN:173,(anonymous_17)
FNF:18
FNH:0
FNDA:0,(anonymous_0)
FNDA:0,(anonymous_1)
FNDA:0,(anonymous_2)
FNDA:0,(anonymous_3)
FNDA:0,(anonymous_4)
FNDA:0,(anonymous_5)
FNDA:0,(anonymous_6)
FNDA:0,(anonymous_7)
FNDA:0,(anonymous_8)
FNDA:0,(anonymous_9)
FNDA:0,(anonymous_10)
FNDA:0,(anonymous_11)
FNDA:0,(anonymous_12)
FNDA:0,(anonymous_13)
FNDA:0,(anonymous_14)
FNDA:0,(anonymous_15)
FNDA:0,(anonymous_16)
FNDA:0,(anonymous_17)
DA:4,0
DA:5,0
DA:7,0
DA:10,0
DA:11,0
DA:12,0
DA:14,0
DA:18,0
DA:19,0
DA:23,0
DA:24,0
DA:27,0
DA:36,0
DA:37,0
DA:38,0
DA:45,0
DA:46,0
DA:53,0
DA:63,0
DA:64,0
DA:67,0
DA:68,0
DA:70,0
DA:71,0
DA:72,0
DA:73,0
DA:74,0
DA:75,0
DA:76,0
DA:77,0
DA:78,0
DA:79,0
DA:80,0
DA:81,0
DA:82,0
DA:83,0
DA:84,0
DA:85,0
DA:88,0
DA:100,0
DA:101,0
DA:102,0
DA:105,0
DA:107,0
DA:108,0
DA:111,0
DA:122,0
DA:123,0
DA:124,0
DA:127,0
DA:128,0
DA:130,0
DA:136,0
DA:142,0
DA:143,0
DA:144,0
DA:146,0
DA:153,0
DA:154,0
DA:160,0
DA:161,0
DA:167,0
DA:168,0
DA:169,0
DA:170,0
DA:171,0
DA:172,0
DA:173,0
LF:68
LH:0
BRDA:10,0,0,0
BRDA:10,1,0,0
BRDA:10,1,1,0
BRDA:11,2,0,0
BRDA:18,3,0,0
BRDA:23,4,0,0
BRDA:37,5,0,0
BRDA:45,6,0,0
BRDA:70,7,0,0
BRDA:70,7,1,0
BRDA:73,8,0,0
BRDA:73,8,1,0
BRDA:74,9,0,0
BRDA:74,9,1,0
BRDA:77,10,0,0
BRDA:77,10,1,0
BRDA:78,11,0,0
BRDA:78,11,1,0
BRDA:78,12,0,0
BRDA:78,12,1,0
BRDA:81,13,0,0
BRDA:81,13,1,0
BRDA:82,14,0,0
BRDA:85,15,0,0
BRDA:85,15,1,0
BRDA:101,16,0,0
BRDA:107,17,0,0
BRDA:123,18,0,0
BRDA:123,19,0,0
BRDA:123,19,1,0
BRDA:130,20,0,0
BRDA:130,20,1,0
BRDA:143,21,0,0
BRDA:161,22,0,0
BRDA:161,22,1,0
BRDA:161,22,2,0
BRF:36
BRH:0
end_of_record
TN:
SF:src/utils/performance.ts
FN:4,(anonymous_0)
FN:10,(anonymous_1)
FN:12,(anonymous_2)
FN:17,(anonymous_3)
FN:23,(anonymous_4)
FN:27,(anonymous_5)
FN:33,(anonymous_6)
FN:37,(anonymous_7)
FN:50,(anonymous_8)
FN:56,(anonymous_9)
FN:59,(anonymous_10)
FN:88,(anonymous_11)
FN:96,(anonymous_12)
FN:106,(anonymous_13)
FN:107,(anonymous_14)
FN:115,(anonymous_15)
FN:150,(anonymous_16)
FN:154,(anonymous_17)
FN:158,(anonymous_18)
FNF:19
FNH:0
FNDA:0,(anonymous_0)
FNDA:0,(anonymous_1)
FNDA:0,(anonymous_2)
FNDA:0,(anonymous_3)
FNDA:0,(anonymous_4)
FNDA:0,(anonymous_5)
FNDA:0,(anonymous_6)
FNDA:0,(anonymous_7)
FNDA:0,(anonymous_8)
FNDA:0,(anonymous_9)
FNDA:0,(anonymous_10)
FNDA:0,(anonymous_11)
FNDA:0,(anonymous_12)
FNDA:0,(anonymous_13)
FNDA:0,(anonymous_14)
FNDA:0,(anonymous_15)
FNDA:0,(anonymous_16)
FNDA:0,(anonymous_17)
FNDA:0,(anonymous_18)
DA:4,0
DA:8,0
DA:10,0
DA:11,0
DA:12,0
DA:17,0
DA:21,0
DA:23,0
DA:24,0
DA:25,0
DA:26,0
DA:27,0
DA:33,0
DA:34,0
DA:35,0
DA:37,0
DA:38,0
DA:39,0
DA:41,0
DA:42,0
DA:43,0
DA:45,0
DA:50,0
DA:51,0
DA:52,0
DA:56,0
DA:57,0
DA:59,0
DA:60,0
DA:61,0
DA:62,0
DA:64,0
DA:68,0
DA:69,0
DA:73,0
DA:74,0
DA:77,0
DA:80,0
DA:81,0
DA:83,0
DA:88,0
DA:89,0
DA:102,0
DA:103,0
DA:107,0
DA:108,0
DA:110,0
DA:115,0
DA:122,0
DA:130,0
DA:131,0
DA:133,0
DA:136,0
DA:137,0
DA:139,0
DA:142,0
DA:143,0
DA:144,0
DA:146,0
DA:150,0
DA:153,0
DA:156,0
DA:158,0
LF:63
LH:0
BRDA:11,0,0,0
BRDA:24,1,0,0
BRDA:38,2,0,0
BRDA:39,3,0,0
BRDA:51,4,0,0
BRDA:56,5,0,0
BRDA:60,6,0,0
BRDA:60,7,0,0
BRDA:60,7,1,0
BRDA:61,8,0,0
BRDA:68,9,0,0
BRDA:68,10,0,0
BRDA:68,10,1,0
BRDA:73,11,0,0
BRDA:131,12,0,0
BRDA:131,12,1,0
BRDA:137,13,0,0
BRDA:137,13,1,0
BRF:18
BRH:0
end_of_record
